#
# A fatal error has been detected by the Java Runtime Environment:
#
#  EXCEPTION_UNCAUGHT_CXX_EXCEPTION (0xe06d7363) at pc=0x000007fefd58940d, pid=3676, tid=4092
#
# JRE version: Java(TM) SE Runtime Environment (8.0_20-b26) (build 1.8.0_20-b26)
# Java VM: Java HotSpot(TM) 64-Bit Server VM (25.20-b23 mixed mode windows-amd64 compressed oops)
# Problematic frame:
# C  [KERNELBASE.dll+0x940d]
#
# Failed to write core dump. Minidumps are not enabled by default on client versions of Windows
#
# If you would like to submit a bug report, please visit:
#   http://bugreport.sun.com/bugreport/crash.jsp
# The crash happened outside the Java Virtual Machine in native code.
# See problematic frame for where to report the bug.
#

---------------  T H R E A D  ---------------

Current thread (0x0000000056e0a800):  JavaThread "Thread-0" [_thread_in_native, id=4092, stack(0x0000000058600000,0x0000000058700000)]

siginfo: ExceptionCode=0xe06d7363, ExceptionInformation=0x0000000019930520 0x00000000586ff1f0 0x000007feee42c7b0 0x000007feee300000 

Registers:
RAX=0x000000002f793287, RBX=0x00000000586ff1f0, RCX=0x00000000586fea80, RDX=0x00000000000000d0
RSP=0x00000000586ff090, RBP=0x00000000586ff1c0, RSI=0x0000000056e0a9e8, RDI=0x000007feee42c7b0
R8 =0x0000000000000000, R9 =0x0000000000000000, R10=0x000007feee300000, R11=0x00000000586ff0d0
R12=0x0000000000000000, R13=0x0000000054743440, R14=0x00000000586ff320, R15=0x0000000056e0a800
RIP=0x000007fefd58940d, EFLAGS=0x0000000000000206

Top of Stack: (sp=0x00000000586ff090)
0x00000000586ff090:   00000000586ff1f0 0000000056e0a9e8
0x00000000586ff0a0:   000007feee42c7b0 000000006ea34f36
0x00000000586ff0b0:   00000001e06d7363 0000000000000000
0x00000000586ff0c0:   000007fefd58940d 000007fe00000004
0x00000000586ff0d0:   0000000019930520 00000000586ff1f0
0x00000000586ff0e0:   000007feee42c7b0 000007feee300000
0x00000000586ff0f0:   0000000054743cb8 00000000586ff178
0x00000000586ff100:   0000000056deed00 0000000054d1f240
0x00000000586ff110:   0000000000354440 0000000054d1f628
0x00000000586ff120:   00000000000003d8 0000000056e0a800
0x00000000586ff130:   00000000586ff320 0000000054743440
0x00000000586ff140:   0000000000000000 000007feee42c7b0
0x00000000586ff150:   0000000056e0a9e8 000000006f4614f1
0x00000000586ff160:   00000000586ff1f0 00000000586ff1d0
0x00000000586ff170:   0000000000000001 000007feee300108
0x00000000586ff180:   00000001e06d7363 0000000000000000 

Instructions: (pc=0x000007fefd58940d)
0x000007fefd5893ed:   54 24 24 48 89 4c 24 28 4d 85 c9 0f 85 aa 18 00
0x000007fefd5893fd:   00 89 4c 24 38 48 8d 4c 24 20 ff 15 93 1e 04 00
0x000007fefd58940d:   48 81 c4 c8 00 00 00 c3 90 90 90 90 90 90 90 90
0x000007fefd58941d:   90 90 90 48 8b c4 48 83 ec 78 41 f7 c0 fe ff ff 


Register to memory mapping:

RAX=0x000000002f793287 is an unknown value
RBX=0x00000000586ff1f0 is pointing into the stack for thread: 0x0000000056e0a800
RCX=0x00000000586fea80 is pointing into the stack for thread: 0x0000000056e0a800
RDX=0x00000000000000d0 is an unknown value
RSP=0x00000000586ff090 is pointing into the stack for thread: 0x0000000056e0a800
RBP=0x00000000586ff1c0 is pointing into the stack for thread: 0x0000000056e0a800
RSI=0x0000000056e0a9e8 is an unknown value
RDI=0x000007feee42c7b0 is an unknown value
R8 =0x0000000000000000 is an unknown value
R9 =0x0000000000000000 is an unknown value
R10=0x000007feee300000 is an unknown value
R11=0x00000000586ff0d0 is pointing into the stack for thread: 0x0000000056e0a800
R12=0x0000000000000000 is an unknown value
R13={method} {0x0000000054743448} 'GetClazz' '(II)Ljava/lang/String;' in 'databus/AppServer'
R14=0x00000000586ff320 is pointing into the stack for thread: 0x0000000056e0a800
R15=0x0000000056e0a800 is a thread


Stack: [0x0000000058600000,0x0000000058700000],  sp=0x00000000586ff090,  free space=1020k
Native frames: (J=compiled Java code, j=interpreted, Vv=VM code, C=native code)
C  [KERNELBASE.dll+0x940d]
C  [msvcr100.dll+0x614f1]
C  [msgexpress64.dll+0x1df91]
C  [msgexpress64.dll+0x416df]
C  0x000000000282a58c

Java frames: (J=compiled Java code, j=interpreted, Vv=VM code)
j  databus.AppServer.GetClazz(II)Ljava/lang/String;+0
j  databus.AppServer.Parse(Ldatabus/Package;)Z+104
j  com.sumscope.PackageHandler.handleOnRequest(Ldatabus/Package;)V+163
j  com.sumscope.MonitorServer.OnRequest(Ldatabus/Package;)V+5
j  com.sumscope.MonitorServer.OnPackage(Ldatabus/Package;)V+23
j  databus.AppServer.run()V+21
j  java.lang.Thread.run()V+11
v  ~StubRoutines::call_stub

---------------  P R O C E S S  ---------------

Java Threads: ( => current thread )
  0x0000000002300000 JavaThread "DestroyJavaVM" [_thread_blocked, id=4508, stack(0x0000000002710000,0x0000000002810000)]
=>0x0000000056e0a800 JavaThread "Thread-0" [_thread_in_native, id=4092, stack(0x0000000058600000,0x0000000058700000)]
  0x0000000054d3e800 JavaThread "Service Thread" daemon [_thread_blocked, id=3916, stack(0x0000000057030000,0x0000000057130000)]
  0x0000000054d1b000 JavaThread "C1 CompilerThread1" daemon [_thread_blocked, id=5408, stack(0x0000000056780000,0x0000000056880000)]
  0x0000000054d19000 JavaThread "C2 CompilerThread0" daemon [_thread_blocked, id=3828, stack(0x0000000056a50000,0x0000000056b50000)]
  0x0000000054d16800 JavaThread "JDWP Command Reader" daemon [_thread_in_native, id=1980, stack(0x00000000568c0000,0x00000000569c0000)]
  0x0000000054d07800 JavaThread "JDWP Event Helper Thread" daemon [_thread_blocked, id=5640, stack(0x0000000056600000,0x0000000056700000)]
  0x0000000054cfc000 JavaThread "JDWP Transport Listener: dt_socket" daemon [_thread_blocked, id=5164, stack(0x0000000056430000,0x0000000056530000)]
  0x0000000054cea800 JavaThread "Attach Listener" daemon [_thread_blocked, id=3360, stack(0x0000000055b20000,0x0000000055c20000)]
  0x0000000054cd5800 JavaThread "Signal Dispatcher" daemon [_thread_blocked, id=3968, stack(0x0000000055930000,0x0000000055a30000)]
  0x0000000054c7a800 JavaThread "Finalizer" daemon [_thread_blocked, id=4740, stack(0x00000000557a0000,0x00000000558a0000)]
  0x0000000054c71800 JavaThread "Reference Handler" daemon [_thread_blocked, id=440, stack(0x00000000554d0000,0x00000000555d0000)]

Other Threads:
  0x0000000054c6b800 VMThread [stack: 0x0000000055610000,0x0000000055710000] [id=2496]
  0x0000000056b96000 WatcherThread [stack: 0x0000000057250000,0x0000000057350000] [id=5232]

VM state:not at safepoint (normal execution)

VM Mutex/Monitor currently owned by a thread: None

Heap:
 PSYoungGen      total 18944K, used 3950K [0x00000000eab00000, 0x00000000ec000000, 0x0000000100000000)
  eden space 16384K, 24% used [0x00000000eab00000,0x00000000eaedbb88,0x00000000ebb00000)
  from space 2560K, 0% used [0x00000000ebd80000,0x00000000ebd80000,0x00000000ec000000)
  to   space 2560K, 0% used [0x00000000ebb00000,0x00000000ebb00000,0x00000000ebd80000)
 ParOldGen       total 44032K, used 0K [0x00000000c0000000, 0x00000000c2b00000, 0x00000000eab00000)
  object space 44032K, 0% used [0x00000000c0000000,0x00000000c0000000,0x00000000c2b00000)
 Metaspace       used 3410K, capacity 5150K, committed 5376K, reserved 1056768K
  class space    used 369K, capacity 457K, committed 512K, reserved 1048576K

Card table byte_map: [0x0000000011bd0000,0x0000000011de0000] byte_map_base: 0x00000000115d0000

Marking Bits: (ParMarkBitMap*) 0x000000006f06b460
 Begin Bits: [0x0000000012140000, 0x0000000013140000)
 End Bits:   [0x0000000013140000, 0x0000000014140000)

Polling page: 0x0000000001b50000

CodeCache: size=245760Kb used=1270Kb max_used=1282Kb free=244489Kb
 bounds [0x0000000002810000, 0x0000000002a80000, 0x0000000011810000]
 total_blobs=340 nmethods=115 adapters=148
 compilation: enabled

Compilation events (10 events):
Event: 8.862 Thread 0x0000000054d1b000  110       1       java.util.Collections::emptyList (4 bytes)
Event: 8.862 Thread 0x0000000054d1b000 nmethod 110 0x0000000002947ad0 code [0x0000000002947c20, 0x0000000002947d10]
Event: 8.916 Thread 0x0000000054d1b000  111       3       java.util.Arrays::copyOf (46 bytes)
Event: 8.917 Thread 0x0000000054d1b000 nmethod 111 0x0000000002947d90 code [0x0000000002947f40, 0x00000000029485e8]
Event: 10.306 Thread 0x0000000054d19000  112       4       java.lang.String::hashCode (55 bytes)
Event: 10.307 Thread 0x0000000054d1b000  113   !   3       java.lang.ClassLoader::loadClass (122 bytes)
Event: 10.308 Thread 0x0000000054d19000 nmethod 112 0x000000000294bd10 code [0x000000000294be40, 0x000000000294bfb8]
Event: 10.309 Thread 0x0000000054d1b000 nmethod 113 0x000000000294c090 code [0x000000000294c420, 0x000000000294e6d8]
Event: 10.312 Thread 0x0000000054d19000  115       4       java.lang.String::startsWith (72 bytes)
Event: 10.316 Thread 0x0000000054d19000 nmethod 115 0x0000000002949d10 code [0x0000000002949e60, 0x000000000294a0d8]

GC Heap History (0 events):
No events

Deoptimization events (0 events):
No events

Internal exceptions (10 events):
Event: 10.305 Thread 0x0000000056e0a800 Exception <a 'java/security/PrivilegedActionException'> (0x00000000eae91ac8) thrown at [D:\re\workspace\8-2-build-windows-amd64-cygwin\jdk8u20\1074\hotspot\src\share\vm\prims\jvm.cpp, line 1275]
Event: 10.305 Thread 0x0000000056e0a800 Exception <a 'java/security/PrivilegedActionException'> (0x00000000eae98610) thrown at [D:\re\workspace\8-2-build-windows-amd64-cygwin\jdk8u20\1074\hotspot\src\share\vm\prims\jvm.cpp, line 1275]
Event: 10.306 Thread 0x0000000056e0a800 Exception <a 'java/security/PrivilegedActionException'> (0x00000000eae99b68) thrown at [D:\re\workspace\8-2-build-windows-amd64-cygwin\jdk8u20\1074\hotspot\src\share\vm\prims\jvm.cpp, line 1275]
Event: 10.307 Thread 0x0000000056e0a800 Exception <a 'java/security/PrivilegedActionException'> (0x00000000eae9b6b0) thrown at [D:\re\workspace\8-2-build-windows-amd64-cygwin\jdk8u20\1074\hotspot\src\share\vm\prims\jvm.cpp, line 1275]
Event: 10.310 Thread 0x0000000056e0a800 Exception <a 'java/security/PrivilegedActionException'> (0x00000000eae9d420) thrown at [D:\re\workspace\8-2-build-windows-amd64-cygwin\jdk8u20\1074\hotspot\src\share\vm\prims\jvm.cpp, line 1275]
Event: 10.311 Thread 0x0000000056e0a800 Exception <a 'java/security/PrivilegedActionException'> (0x00000000eaea5060) thrown at [D:\re\workspace\8-2-build-windows-amd64-cygwin\jdk8u20\1074\hotspot\src\share\vm\prims\jvm.cpp, line 1275]
Event: 10.311 Thread 0x0000000056e0a800 Exception <a 'java/security/PrivilegedActionException'> (0x00000000eaeabd88) thrown at [D:\re\workspace\8-2-build-windows-amd64-cygwin\jdk8u20\1074\hotspot\src\share\vm\prims\jvm.cpp, line 1275]
Event: 10.312 Thread 0x0000000056e0a800 Exception <a 'java/security/PrivilegedActionException'> (0x00000000eaead240) thrown at [D:\re\workspace\8-2-build-windows-amd64-cygwin\jdk8u20\1074\hotspot\src\share\vm\prims\jvm.cpp, line 1275]
Event: 10.313 Thread 0x0000000056e0a800 Exception <a 'java/security/PrivilegedActionException'> (0x00000000eaeb4068) thrown at [D:\re\workspace\8-2-build-windows-amd64-cygwin\jdk8u20\1074\hotspot\src\share\vm\prims\jvm.cpp, line 1275]
Event: 10.315 Thread 0x0000000056e0a800 Exception <a 'java/security/PrivilegedActionException'> (0x00000000eaeb5b80) thrown at [D:\re\workspace\8-2-build-windows-amd64-cygwin\jdk8u20\1074\hotspot\src\share\vm\prims\jvm.cpp, line 1275]

Events (10 events):
Event: 28.783 Executing VM operation: GetOrSetLocal
Event: 28.784 Executing VM operation: GetOrSetLocal done
Event: 28.808 Executing VM operation: GetOrSetLocal
Event: 28.808 Executing VM operation: GetOrSetLocal done
Event: 29.660 Executing VM operation: EnterInterpOnlyMode
Event: 29.660 Executing VM operation: EnterInterpOnlyMode done
Event: 29.660 Executing VM operation: GetCurrentLocation
Event: 29.660 Executing VM operation: GetCurrentLocation done
Event: 29.660 Executing VM operation: ChangeSingleStep
Event: 29.660 Executing VM operation: ChangeSingleStep done


Dynamic libraries:
0x000000013f1e0000 - 0x000000013f214000 	C:\Program Files\Java\jre1.8.0_20\bin\javaw.exe
0x0000000077470000 - 0x0000000077619000 	C:\Windows\SYSTEM32\ntdll.dll
0x0000000077350000 - 0x000000007746f000 	C:\Windows\system32\kernel32.dll
0x000007fefd580000 - 0x000007fefd5ec000 	C:\Windows\system32\KERNELBASE.dll
0x000007fefd700000 - 0x000007fefd7db000 	C:\Windows\system32\ADVAPI32.dll
0x000007fefee60000 - 0x000007fefeeff000 	C:\Windows\system32\msvcrt.dll
0x000007fefdf30000 - 0x000007fefdf4f000 	C:\Windows\SYSTEM32\sechost.dll
0x000007fefed30000 - 0x000007fefee5d000 	C:\Windows\system32\RPCRT4.dll
0x0000000077250000 - 0x000000007734a000 	C:\Windows\system32\USER32.dll
0x000007fefd960000 - 0x000007fefd9c7000 	C:\Windows\system32\GDI32.dll
0x000007feff010000 - 0x000007feff01e000 	C:\Windows\system32\LPK.dll
0x000007feff140000 - 0x000007feff209000 	C:\Windows\system32\USP10.dll
0x000007fefbb20000 - 0x000007fefbd14000 	C:\Windows\WinSxS\amd64_microsoft.windows.common-controls_6595b64144ccf1df_6.0.7601.17514_none_fa396087175ac9ac\COMCTL32.dll
0x000007fefdeb0000 - 0x000007fefdf21000 	C:\Windows\system32\SHLWAPI.dll
0x000007feff670000 - 0x000007feff69e000 	C:\Windows\system32\IMM32.DLL
0x000007fefef00000 - 0x000007feff009000 	C:\Windows\system32\MSCTF.dll
0x000000006f400000 - 0x000000006f4d2000 	C:\Program Files\Java\jre1.8.0_20\bin\msvcr100.dll
0x000000006e890000 - 0x000000006f0e8000 	C:\Program Files\Java\jre1.8.0_20\bin\server\jvm.dll
0x000007fefcfc0000 - 0x000007fefcfc9000 	C:\Windows\system32\WSOCK32.dll
0x000007fefdf50000 - 0x000007fefdf9d000 	C:\Windows\system32\WS2_32.dll
0x000007feff210000 - 0x000007feff218000 	C:\Windows\system32\NSI.dll
0x000007fefa9c0000 - 0x000007fefa9fb000 	C:\Windows\system32\WINMM.dll
0x0000000077640000 - 0x0000000077647000 	C:\Windows\system32\PSAPI.DLL
0x00000000717b0000 - 0x00000000717bf000 	C:\Program Files\Java\jre1.8.0_20\bin\verify.dll
0x000000006f3d0000 - 0x000000006f3f8000 	C:\Program Files\Java\jre1.8.0_20\bin\java.dll
0x000000006e520000 - 0x000000006e555000 	C:\Program Files\Java\jre1.8.0_20\bin\jdwp.dll
0x000000006e880000 - 0x000000006e888000 	C:\Program Files\Java\jre1.8.0_20\bin\npt.dll
0x000000006f570000 - 0x000000006f586000 	C:\Program Files\Java\jre1.8.0_20\bin\zip.dll
0x000007fefdfa0000 - 0x000007fefed28000 	C:\Windows\system32\SHELL32.dll
0x000007feff400000 - 0x000007feff603000 	C:\Windows\system32\ole32.dll
0x000007fefd100000 - 0x000007fefd10f000 	C:\Windows\system32\profapi.dll
0x000000006f110000 - 0x000000006f119000 	C:\Program Files\Java\jre1.8.0_20\bin\dt_socket.dll
0x000007fefaed0000 - 0x000007fefaee5000 	C:\Windows\system32\NLAapi.dll
0x000007fef8ee0000 - 0x000007fef8ef5000 	C:\Windows\system32\napinsp.dll
0x000007fef8ec0000 - 0x000007fef8ed9000 	C:\Windows\system32\pnrpnsp.dll
0x000007fefc810000 - 0x000007fefc865000 	C:\Windows\System32\mswsock.dll
0x000007fefc690000 - 0x000007fefc6eb000 	C:\Windows\system32\DNSAPI.dll
0x000007fef8eb0000 - 0x000007fef8ebb000 	C:\Windows\System32\winrnr.dll
0x000007fef8e80000 - 0x000007fef8eaf000 	C:\Program Files\Common Files\Microsoft Shared\Windows Live\WLIDNSP.DLL
0x0000000073fe0000 - 0x0000000074006000 	C:\Program Files\Bonjour\mdnsNSP.dll
0x000007fefcf90000 - 0x000007fefcfb7000 	C:\Windows\system32\Iphlpapi.DLL
0x000007fefcf80000 - 0x000007fefcf8b000 	C:\Windows\system32\WINNSI.DLL
0x000007fefaa50000 - 0x000007fefaaa3000 	C:\Windows\System32\fwpuclnt.dll
0x000007fef8e70000 - 0x000007fef8e78000 	C:\Windows\system32\rasadhlp.dll
0x000007fefc170000 - 0x000007fefc1d4000 	C:\Windows\system32\gameudp.dll
0x000007fefc160000 - 0x000007fefc167000 	C:\Windows\System32\wshtcpip.dll
0x000007feeb6b0000 - 0x000007feeb870000 	D:\cocos_ws\Gateway\WebRoot\WEB-INF\lib\x64\log4cxx64.dll
0x000007feee870000 - 0x000007feee921000 	C:\Windows\system32\ODBC32.dll
0x0000000073e50000 - 0x0000000073ee8000 	C:\Windows\system32\MSVCP100.dll
0x0000000011de0000 - 0x0000000011e18000 	C:\Windows\system32\odbcint.dll
0x000007fef6e10000 - 0x000007fef6e2d000 	D:\cocos_ws\Gateway\WebRoot\WEB-INF\lib\x64\zlibwapi64.dll
0x000007feee300000 - 0x000007feee44b000 	D:\cocos_ws\Gateway\WebRoot\WEB-INF\lib\x64\msgexpress64.dll
0x000007fefcfd0000 - 0x000007fefd0f5000 	C:\Windows\system32\dbghelp.dll

VM Arguments:
jvm_args: -agentlib:jdwp=transport=dt_socket,suspend=y,address=localhost:3061 -Dfile.encoding=UTF-8 
java_command: com.sumscope.MonitorServer
java_class_path (initial): D:\cocos_ws\MonitorServer\bin;D:\cocos_ws\jbus\bin;D:\apache-tomcat-7.0.62-windows-x64\apache-tomcat-7.0.62\lib\annotations-api.jar;D:\apache-tomcat-7.0.62-windows-x64\apache-tomcat-7.0.62\lib\catalina-ant.jar;D:\apache-tomcat-7.0.62-windows-x64\apache-tomcat-7.0.62\lib\catalina-ha.jar;D:\apache-tomcat-7.0.62-windows-x64\apache-tomcat-7.0.62\lib\catalina-tribes.jar;D:\apache-tomcat-7.0.62-windows-x64\apache-tomcat-7.0.62\lib\catalina.jar;D:\apache-tomcat-7.0.62-windows-x64\apache-tomcat-7.0.62\lib\ecj-4.4.2.jar;D:\apache-tomcat-7.0.62-windows-x64\apache-tomcat-7.0.62\lib\el-api.jar;D:\apache-tomcat-7.0.62-windows-x64\apache-tomcat-7.0.62\lib\jasper-el.jar;D:\apache-tomcat-7.0.62-windows-x64\apache-tomcat-7.0.62\lib\jasper.jar;D:\apache-tomcat-7.0.62-windows-x64\apache-tomcat-7.0.62\lib\jsp-api.jar;D:\apache-tomcat-7.0.62-windows-x64\apache-tomcat-7.0.62\lib\servlet-api.jar;D:\apache-tomcat-7.0.62-windows-x64\apache-tomcat-7.0.62\lib\tomcat-api.jar;D:\apache-tomcat-7.0.62-windows-x64\apache-tomcat-7.0.62\lib\tomcat-coyote.jar;D:\apache-tomcat-7.0.62-windows-x64\apache-tomcat-7.0.62\lib\tomcat-dbcp.jar;D:\apache-tomcat-7.0.62-windows-x64\apache-tomcat-7.0.62\lib\tomcat-i18n-es.jar;D:\apache-tomcat-7.0.62-windows-x64\apache-tomcat-7.0.62\lib\tomcat-i18n-fr.jar;D:\apache-tomcat-7.0.62-windows-x64\apache-tomcat-7.0.62\lib\tomcat-i18n-ja.jar;D:\apache-tomcat-7.0.62-windows-x64\apache-tomcat-7.0.62\lib\tomcat-jdbc.jar;D:\apache-tomcat-7.0.62-windows-x64\apache-tomcat-7.0.62\lib\tomcat-util.jar;D:\apache-tomcat-7.0.62-windows-x64\apache-tomcat-7.0.62\lib\tomcat7-websocket.jar;D:\apache-tomcat-7.0.62-windows-x64\apache-tomcat-7.0.62\lib\websocket-api.jar
Launcher Type: SUN_STANDARD

Environment Variables:
JAVA_HOME=C:\Program Files\Java\jdk1.6.0_45
PATH=C:\ProgramData\Oracle\Java\javapath;C:\Program Files\Common Files\Microsoft Shared\Windows Live;C:\Program Files (x86)\Common Files\Microsoft Shared\Windows Live;C:\Windows\system32;C:\Windows;C:\Windows\System32\Wbem;C:\Windows\System32\WindowsPowerShell\v1.0\;C:\Program Files (x86)\ATI Technologies\ATI.ACE\Core-Static;C:\Program Files (x86)\Common Files\Adobe\AGL;D:\adt-bundle-windows-x86_64-20130729\sdk\tools;D:\adt-bundle-windows-x86_64-20130729\sdk\platform-tools;C:\Program Files\TortoiseSVN\bin;C:\Program Files (x86)\Windows Live\Shared;C:\Program Files (x86)\MySQL\MySQL Utilities 1.3.4\;D:\Program Files\nodejs\;C:\Program Files (x86)\Windows Kits\8.1\Windows Performance Toolkit\;C:\Program Files\Microsoft SQL Server\110\Tools\Binn\;C:\Program Files (x86)\GtkSharp\2.12\bin;D:\nodejs\;;C:\Program Files\Java\jdk1.6.0_45\bin;C:\Program Files (x86)\Git\bin;C:\Users\yepeng\AppData\Roaming\npm
USERNAME=peng.ye
OS=Windows_NT
PROCESSOR_IDENTIFIER=Intel64 Family 6 Model 23 Stepping 10, GenuineIntel



---------------  S Y S T E M  ---------------

OS: Windows 7 , 64 bit Build 7601 Service Pack 1

CPU:total 2 (2 cores per cpu, 1 threads per core) family 6 model 23 stepping 10, cmov, cx8, fxsr, mmx, sse, sse2, sse3, ssse3, tsc

Memory: 4k page, physical 4193464k(617024k free), swap 8385064k(4132368k free)

vm_info: Java HotSpot(TM) 64-Bit Server VM (25.20-b23) for windows-amd64 JRE (1.8.0_20-b26), built on Jul 30 2014 13:51:23 by "java_re" with MS VC++ 10.0 (VS2010)

time: Sat May 30 11:47:18 2015
elapsed time: 29 seconds (0d 0h 0m 29s)

